# JRE version: OpenJDK Runtime Environment (8.0_202-b03) (build 1.8.0_202-release-1483-b03)
# Java VM: OpenJDK 64-Bit Server VM (25.202-b03 mixed mode windows-amd64 compressed oops)
Heap:
 PSYoungGen      total 359424K, used 27147K [0x00000000e0000000, 0x0000000100000000, 0x0000000100000000)
  eden space 205824K, 0% used [0x00000000e0000000,0x00000000e0000000,0x00000000ec900000)
  from space 153600K, 17% used [0x00000000f5c00000,0x00000000f7682f08,0x00000000ff200000)
  to   space 150528K, 0% used [0x00000000ec900000,0x00000000ec900000,0x00000000f5c00000)
 ParOldGen       total 268800K, used 243783K [0x00000000a0000000, 0x00000000b0680000, 0x00000000e0000000)
  object space 268800K, 90% used [0x00000000a0000000,0x00000000aee11cd8,0x00000000b0680000)
 Metaspace       used 113919K, capacity 120516K, committed 124952K, reserved 1157120K
  class space    used 14047K, capacity 15517K, committed 16408K, reserved 1048576K
GC Heap History (10 events):
Event: 9263.985 GC heap after
Heap after GC invocations=54 (full 6):
 PSYoungGen      total 350208K, used 27074K [0x00000000e0000000, 0x00000000ffb00000, 0x0000000100000000)
  eden space 189952K, 0% used [0x00000000e0000000,0x00000000e0000000,0x00000000eb980000)
  from space 160256K, 16% used [0x00000000f5680000,0x00000000f70f0a30,0x00000000ff300000)
  to   space 160768K, 0% used [0x00000000eb980000,0x00000000eb980000,0x00000000f5680000)
 ParOldGen       total 268800K, used 163081K [0x00000000a0000000, 0x00000000b0680000, 0x00000000e0000000)
  object space 268800K, 60% used [0x00000000a0000000,0x00000000a9f427b0,0x00000000b0680000)
 Metaspace       used 111514K, capacity 117820K, committed 124952K, reserved 1157120K
  class space    used 13861K, capacity 15281K, committed 16408K, reserved 1048576K
}
Event: 9354.800 GC heap before
{Heap before GC invocations=55 (full 6):
 PSYoungGen      total 350208K, used 217026K [0x00000000e0000000, 0x00000000ffb00000, 0x0000000100000000)
  eden space 189952K, 100% used [0x00000000e0000000,0x00000000eb980000,0x00000000eb980000)
  from space 160256K, 16% used [0x00000000f5680000,0x00000000f70f0a30,0x00000000ff300000)
  to   space 160768K, 0% used [0x00000000eb980000,0x00000000eb980000,0x00000000f5680000)
 ParOldGen       total 268800K, used 163081K [0x00000000a0000000, 0x00000000b0680000, 0x00000000e0000000)
  object space 268800K, 60% used [0x00000000a0000000,0x00000000a9f427b0,0x00000000b0680000)
 Metaspace       used 111806K, capacity 118334K, committed 124952K, reserved 1157120K
  class space    used 13897K, capacity 15348K, committed 16408K, reserved 1048576K
Event: 9354.817 GC heap after
Heap after GC invocations=55 (full 6):
 PSYoungGen      total 350720K, used 10248K [0x00000000e0000000, 0x0000000100000000, 0x0000000100000000)
  eden space 189952K, 0% used [0x00000000e0000000,0x00000000e0000000,0x00000000eb980000)
  from space 160768K, 6% used [0x00000000eb980000,0x00000000ec3822d8,0x00000000f5680000)
  to   space 163328K, 0% used [0x00000000f6080000,0x00000000f6080000,0x0000000100000000)
 ParOldGen       total 268800K, used 169454K [0x00000000a0000000, 0x00000000b0680000, 0x00000000e0000000)
  object space 268800K, 63% used [0x00000000a0000000,0x00000000aa57b8b8,0x00000000b0680000)
 Metaspace       used 111806K, capacity 118334K, committed 124952K, reserved 1157120K
  class space    used 13897K, capacity 15348K, committed 16408K, reserved 1048576K
}
Event: 9357.879 GC heap before
{Heap before GC invocations=56 (full 6):
 PSYoungGen      total 350720K, used 200200K [0x00000000e0000000, 0x0000000100000000, 0x0000000100000000)
  eden space 189952K, 100% used [0x00000000e0000000,0x00000000eb980000,0x00000000eb980000)
  from space 160768K, 6% used [0x00000000eb980000,0x00000000ec3822d8,0x00000000f5680000)
  to   space 163328K, 0% used [0x00000000f6080000,0x00000000f6080000,0x0000000100000000)
 ParOldGen       total 268800K, used 169454K [0x00000000a0000000, 0x00000000b0680000, 0x00000000e0000000)
  object space 268800K, 63% used [0x00000000a0000000,0x00000000aa57b8b8,0x00000000b0680000)
 Metaspace       used 112367K, capacity 118862K, committed 124952K, reserved 1157120K
  class space    used 13952K, capacity 15420K, committed 16408K, reserved 1048576K
Event: 9357.901 GC heap after
Heap after GC invocations=56 (full 6):
 PSYoungGen      total 360960K, used 26147K [0x00000000e0000000, 0x00000000ffd80000, 0x0000000100000000)
  eden space 200192K, 0% used [0x00000000e0000000,0x00000000e0000000,0x00000000ec380000)
  from space 160768K, 16% used [0x00000000f6080000,0x00000000f7a08cf0,0x00000000ffd80000)
  to   space 160768K, 0% used [0x00000000ec380000,0x00000000ec380000,0x00000000f6080000)
 ParOldGen       total 268800K, used 179342K [0x00000000a0000000, 0x00000000b0680000, 0x00000000e0000000)
  object space 268800K, 66% used [0x00000000a0000000,0x00000000aaf23800,0x00000000b0680000)
 Metaspace       used 112367K, capacity 118862K, committed 124952K, reserved 1157120K
  class space    used 13952K, capacity 15420K, committed 16408K, reserved 1048576K
}
Event: 9359.106 GC heap before
{Heap before GC invocations=57 (full 6):
 PSYoungGen      total 360960K, used 226339K [0x00000000e0000000, 0x00000000ffd80000, 0x0000000100000000)
  eden space 200192K, 100% used [0x00000000e0000000,0x00000000ec380000,0x00000000ec380000)
  from space 160768K, 16% used [0x00000000f6080000,0x00000000f7a08cf0,0x00000000ffd80000)
  to   space 160768K, 0% used [0x00000000ec380000,0x00000000ec380000,0x00000000f6080000)
 ParOldGen       total 268800K, used 179342K [0x00000000a0000000, 0x00000000b0680000, 0x00000000e0000000)
  object space 268800K, 66% used [0x00000000a0000000,0x00000000aaf23800,0x00000000b0680000)
 Metaspace       used 113820K, capacity 120372K, committed 124952K, reserved 1157120K
  class space    used 14046K, capacity 15517K, committed 16408K, reserved 1048576K
Event: 9359.144 GC heap after
Heap after GC invocations=57 (full 6):
 PSYoungGen      total 247296K, used 46891K [0x00000000e0000000, 0x00000000ff200000, 0x0000000100000000)
  eden space 200192K, 0% used [0x00000000e0000000,0x00000000e0000000,0x00000000ec380000)
  from space 47104K, 99% used [0x00000000ec380000,0x00000000ef14af98,0x00000000ef180000)
  to   space 153600K, 0% used [0x00000000f5c00000,0x00000000f5c00000,0x00000000ff200000)
 ParOldGen       total 268800K, used 200174K [0x00000000a0000000, 0x00000000b0680000, 0x00000000e0000000)
  object space 268800K, 74% used [0x00000000a0000000,0x00000000ac37ba28,0x00000000b0680000)
 Metaspace       used 113820K, capacity 120372K, committed 124952K, reserved 1157120K
  class space    used 14046K, capacity 15517K, committed 16408K, reserved 1048576K
}
Event: 9361.247 GC heap before
{Heap before GC invocations=58 (full 6):
 PSYoungGen      total 247296K, used 247081K [0x00000000e0000000, 0x00000000ff200000, 0x0000000100000000)
  eden space 200192K, 99% used [0x00000000e0000000,0x00000000ec37f828,0x00000000ec380000)
  from space 47104K, 99% used [0x00000000ec380000,0x00000000ef14af98,0x00000000ef180000)
  to   space 153600K, 0% used [0x00000000f5c00000,0x00000000f5c00000,0x00000000ff200000)
 ParOldGen       total 268800K, used 200174K [0x00000000a0000000, 0x00000000b0680000, 0x00000000e0000000)
  object space 268800K, 74% used [0x00000000a0000000,0x00000000ac37ba28,0x00000000b0680000)
 Metaspace       used 113919K, capacity 120516K, committed 124952K, reserved 1157120K
  class space    used 14047K, capacity 15517K, committed 16408K, reserved 1048576K
Event: 9361.291 GC heap after
Heap after GC invocations=58 (full 6):
 PSYoungGen      total 359424K, used 27147K [0x00000000e0000000, 0x0000000100000000, 0x0000000100000000)
  eden space 205824K, 0% used [0x00000000e0000000,0x00000000e0000000,0x00000000ec900000)
  from space 153600K, 17% used [0x00000000f5c00000,0x00000000f7682f08,0x00000000ff200000)
  to   space 150528K, 0% used [0x00000000ec900000,0x00000000ec900000,0x00000000f5c00000)
 ParOldGen       total 268800K, used 243783K [0x00000000a0000000, 0x00000000b0680000, 0x00000000e0000000)
  object space 268800K, 90% used [0x00000000a0000000,0x00000000aee11cd8,0x00000000b0680000)
 Metaspace       used 113919K, capacity 120516K, committed 124952K, reserved 1157120K
  class space    used 14047K, capacity 15517K, committed 16408K, reserved 1048576K
}
Event: 9361.292 GC heap before
{Heap before GC invocations=59 (full 7):
 PSYoungGen      total 359424K, used 27147K [0x00000000e0000000, 0x0000000100000000, 0x0000000100000000)
  eden space 205824K, 0% used [0x00000000e0000000,0x00000000e0000000,0x00000000ec900000)
  from space 153600K, 17% used [0x00000000f5c00000,0x00000000f7682f08,0x00000000ff200000)
  to   space 150528K, 0% used [0x00000000ec900000,0x00000000ec900000,0x00000000f5c00000)
 ParOldGen       total 268800K, used 243783K [0x00000000a0000000, 0x00000000b0680000, 0x00000000e0000000)
  object space 268800K, 90% used [0x00000000a0000000,0x00000000aee11cd8,0x00000000b0680000)
 Metaspace       used 113919K, capacity 120516K, committed 124952K, reserved 1157120K
  class space    used 14047K, capacity 15517K, committed 16408K, reserved 1048576K

